--- Copying files at Thu Feb 25 11:01:14 UTC 2016
/usr/share/jenkins/ref/plugins/git-client.jpi
 /usr/share/jenkins/ref/plugins/git-client.jpi -> plugins/git-client.jpi
/usr/share/jenkins/ref/plugins/git.jpi
 /usr/share/jenkins/ref/plugins/git.jpi -> plugins/git.jpi
/usr/share/jenkins/ref/plugins/scm-api.jpi
 /usr/share/jenkins/ref/plugins/scm-api.jpi -> plugins/scm-api.jpi
/usr/share/jenkins/ref/plugins/github-api.jpi
 /usr/share/jenkins/ref/plugins/github-api.jpi -> plugins/github-api.jpi
/usr/share/jenkins/ref/plugins/github.jpi
 /usr/share/jenkins/ref/plugins/github.jpi -> plugins/github.jpi
/usr/share/jenkins/ref/plugins/github-oauth.jpi
 /usr/share/jenkins/ref/plugins/github-oauth.jpi -> plugins/github-oauth.jpi
copy plugins/github-oauth.jpi to JENKINS_HOME
/usr/share/jenkins/ref/init.groovy.d/tcp-slave-agent-port.groovy
 /usr/share/jenkins/ref/init.groovy.d/tcp-slave-agent-port.groovy -> init.groovy.d/tcp-slave-agent-port.groovy
copy init.groovy.d/tcp-slave-agent-port.groovy to JENKINS_HOME
--- Copying files at Thu Feb 25 11:12:08 UTC 2016
/usr/share/jenkins/ref/plugins/git-client.jpi
 /usr/share/jenkins/ref/plugins/git-client.jpi -> plugins/git-client.jpi
/usr/share/jenkins/ref/plugins/git.jpi
 /usr/share/jenkins/ref/plugins/git.jpi -> plugins/git.jpi
/usr/share/jenkins/ref/plugins/scm-api.jpi
 /usr/share/jenkins/ref/plugins/scm-api.jpi -> plugins/scm-api.jpi
/usr/share/jenkins/ref/plugins/github-api.jpi
 /usr/share/jenkins/ref/plugins/github-api.jpi -> plugins/github-api.jpi
/usr/share/jenkins/ref/plugins/github.jpi
 /usr/share/jenkins/ref/plugins/github.jpi -> plugins/github.jpi
/usr/share/jenkins/ref/plugins/github-oauth.jpi
 /usr/share/jenkins/ref/plugins/github-oauth.jpi -> plugins/github-oauth.jpi
/usr/share/jenkins/ref/init.groovy.d/tcp-slave-agent-port.groovy
 /usr/share/jenkins/ref/init.groovy.d/tcp-slave-agent-port.groovy -> init.groovy.d/tcp-slave-agent-port.groovy
--- Copying files at Thu Feb 25 11:25:03 UTC 2016
/usr/share/jenkins/ref/plugins/git-client.jpi
 /usr/share/jenkins/ref/plugins/git-client.jpi -> plugins/git-client.jpi
/usr/share/jenkins/ref/plugins/git.jpi
 /usr/share/jenkins/ref/plugins/git.jpi -> plugins/git.jpi
/usr/share/jenkins/ref/plugins/scm-api.jpi
 /usr/share/jenkins/ref/plugins/scm-api.jpi -> plugins/scm-api.jpi
/usr/share/jenkins/ref/plugins/github-api.jpi
 /usr/share/jenkins/ref/plugins/github-api.jpi -> plugins/github-api.jpi
/usr/share/jenkins/ref/plugins/github.jpi
 /usr/share/jenkins/ref/plugins/github.jpi -> plugins/github.jpi
/usr/share/jenkins/ref/plugins/github-oauth.jpi
 /usr/share/jenkins/ref/plugins/github-oauth.jpi -> plugins/github-oauth.jpi
/usr/share/jenkins/ref/init.groovy.d/tcp-slave-agent-port.groovy
 /usr/share/jenkins/ref/init.groovy.d/tcp-slave-agent-port.groovy -> init.groovy.d/tcp-slave-agent-port.groovy
--- Copying files at Thu Feb 25 11:29:38 UTC 2016
/usr/share/jenkins/ref/plugins/git-client.jpi
 /usr/share/jenkins/ref/plugins/git-client.jpi -> plugins/git-client.jpi
/usr/share/jenkins/ref/plugins/git.jpi
 /usr/share/jenkins/ref/plugins/git.jpi -> plugins/git.jpi
/usr/share/jenkins/ref/plugins/scm-api.jpi
 /usr/share/jenkins/ref/plugins/scm-api.jpi -> plugins/scm-api.jpi
/usr/share/jenkins/ref/plugins/github-api.jpi
 /usr/share/jenkins/ref/plugins/github-api.jpi -> plugins/github-api.jpi
/usr/share/jenkins/ref/plugins/github.jpi
 /usr/share/jenkins/ref/plugins/github.jpi -> plugins/github.jpi
/usr/share/jenkins/ref/plugins/github-oauth.jpi
 /usr/share/jenkins/ref/plugins/github-oauth.jpi -> plugins/github-oauth.jpi
/usr/share/jenkins/ref/init.groovy.d/tcp-slave-agent-port.groovy
 /usr/share/jenkins/ref/init.groovy.d/tcp-slave-agent-port.groovy -> init.groovy.d/tcp-slave-agent-port.groovy
--- Copying files at Thu Feb 25 11:31:05 UTC 2016
/usr/share/jenkins/ref/plugins/git-client.jpi
 /usr/share/jenkins/ref/plugins/git-client.jpi -> plugins/git-client.jpi
/usr/share/jenkins/ref/plugins/git.jpi
 /usr/share/jenkins/ref/plugins/git.jpi -> plugins/git.jpi
/usr/share/jenkins/ref/plugins/scm-api.jpi
 /usr/share/jenkins/ref/plugins/scm-api.jpi -> plugins/scm-api.jpi
/usr/share/jenkins/ref/plugins/github-api.jpi
 /usr/share/jenkins/ref/plugins/github-api.jpi -> plugins/github-api.jpi
/usr/share/jenkins/ref/plugins/github.jpi
 /usr/share/jenkins/ref/plugins/github.jpi -> plugins/github.jpi
/usr/share/jenkins/ref/plugins/github-oauth.jpi
 /usr/share/jenkins/ref/plugins/github-oauth.jpi -> plugins/github-oauth.jpi
/usr/share/jenkins/ref/init.groovy.d/tcp-slave-agent-port.groovy
 /usr/share/jenkins/ref/init.groovy.d/tcp-slave-agent-port.groovy -> init.groovy.d/tcp-slave-agent-port.groovy
--- Copying files at Thu Feb 25 11:50:16 UTC 2016
/usr/share/jenkins/ref/plugins/git-client.jpi
 /usr/share/jenkins/ref/plugins/git-client.jpi -> plugins/git-client.jpi
/usr/share/jenkins/ref/plugins/git.jpi
 /usr/share/jenkins/ref/plugins/git.jpi -> plugins/git.jpi
/usr/share/jenkins/ref/plugins/scm-api.jpi
 /usr/share/jenkins/ref/plugins/scm-api.jpi -> plugins/scm-api.jpi
/usr/share/jenkins/ref/plugins/github-api.jpi
 /usr/share/jenkins/ref/plugins/github-api.jpi -> plugins/github-api.jpi
/usr/share/jenkins/ref/plugins/github.jpi
 /usr/share/jenkins/ref/plugins/github.jpi -> plugins/github.jpi
/usr/share/jenkins/ref/plugins/github-oauth.jpi
 /usr/share/jenkins/ref/plugins/github-oauth.jpi -> plugins/github-oauth.jpi
/usr/share/jenkins/ref/init.groovy.d/tcp-slave-agent-port.groovy
 /usr/share/jenkins/ref/init.groovy.d/tcp-slave-agent-port.groovy -> init.groovy.d/tcp-slave-agent-port.groovy
--- Copying files at Thu Feb 25 13:23:02 UTC 2016
/usr/share/jenkins/ref/plugins/git-client.jpi
 /usr/share/jenkins/ref/plugins/git-client.jpi -> plugins/git-client.jpi
/usr/share/jenkins/ref/plugins/git.jpi
 /usr/share/jenkins/ref/plugins/git.jpi -> plugins/git.jpi
/usr/share/jenkins/ref/plugins/scm-api.jpi
 /usr/share/jenkins/ref/plugins/scm-api.jpi -> plugins/scm-api.jpi
/usr/share/jenkins/ref/plugins/github-api.jpi
 /usr/share/jenkins/ref/plugins/github-api.jpi -> plugins/github-api.jpi
/usr/share/jenkins/ref/plugins/github.jpi
 /usr/share/jenkins/ref/plugins/github.jpi -> plugins/github.jpi
/usr/share/jenkins/ref/plugins/github-oauth.jpi
 /usr/share/jenkins/ref/plugins/github-oauth.jpi -> plugins/github-oauth.jpi
/usr/share/jenkins/ref/init.groovy.d/tcp-slave-agent-port.groovy
 /usr/share/jenkins/ref/init.groovy.d/tcp-slave-agent-port.groovy -> init.groovy.d/tcp-slave-agent-port.groovy
--- Copying files at Thu Feb 25 13:47:45 UTC 2016
/usr/share/jenkins/ref/plugins/git-client.jpi
 /usr/share/jenkins/ref/plugins/git-client.jpi -> plugins/git-client.jpi
/usr/share/jenkins/ref/plugins/git.jpi
 /usr/share/jenkins/ref/plugins/git.jpi -> plugins/git.jpi
/usr/share/jenkins/ref/plugins/scm-api.jpi
 /usr/share/jenkins/ref/plugins/scm-api.jpi -> plugins/scm-api.jpi
/usr/share/jenkins/ref/plugins/github-api.jpi
 /usr/share/jenkins/ref/plugins/github-api.jpi -> plugins/github-api.jpi
/usr/share/jenkins/ref/plugins/github.jpi
 /usr/share/jenkins/ref/plugins/github.jpi -> plugins/github.jpi
/usr/share/jenkins/ref/plugins/github-oauth.jpi
 /usr/share/jenkins/ref/plugins/github-oauth.jpi -> plugins/github-oauth.jpi
/usr/share/jenkins/ref/init.groovy.d/tcp-slave-agent-port.groovy
 /usr/share/jenkins/ref/init.groovy.d/tcp-slave-agent-port.groovy -> init.groovy.d/tcp-slave-agent-port.groovy
--- Copying files at Thu Feb 25 13:59:44 UTC 2016
/usr/share/jenkins/ref/plugins/git-client.jpi
 /usr/share/jenkins/ref/plugins/git-client.jpi -> plugins/git-client.jpi
/usr/share/jenkins/ref/plugins/git.jpi
 /usr/share/jenkins/ref/plugins/git.jpi -> plugins/git.jpi
/usr/share/jenkins/ref/plugins/scm-api.jpi
 /usr/share/jenkins/ref/plugins/scm-api.jpi -> plugins/scm-api.jpi
/usr/share/jenkins/ref/plugins/github-api.jpi
 /usr/share/jenkins/ref/plugins/github-api.jpi -> plugins/github-api.jpi
/usr/share/jenkins/ref/plugins/github.jpi
 /usr/share/jenkins/ref/plugins/github.jpi -> plugins/github.jpi
/usr/share/jenkins/ref/plugins/github-oauth.jpi
 /usr/share/jenkins/ref/plugins/github-oauth.jpi -> plugins/github-oauth.jpi
/usr/share/jenkins/ref/init.groovy.d/tcp-slave-agent-port.groovy
 /usr/share/jenkins/ref/init.groovy.d/tcp-slave-agent-port.groovy -> init.groovy.d/tcp-slave-agent-port.groovy
--- Copying files at Thu Feb 25 14:21:01 UTC 2016
/usr/share/jenkins/ref/plugins/git-client.jpi
 /usr/share/jenkins/ref/plugins/git-client.jpi -> plugins/git-client.jpi
/usr/share/jenkins/ref/plugins/git.jpi
 /usr/share/jenkins/ref/plugins/git.jpi -> plugins/git.jpi
/usr/share/jenkins/ref/plugins/scm-api.jpi
 /usr/share/jenkins/ref/plugins/scm-api.jpi -> plugins/scm-api.jpi
/usr/share/jenkins/ref/plugins/github-api.jpi
 /usr/share/jenkins/ref/plugins/github-api.jpi -> plugins/github-api.jpi
/usr/share/jenkins/ref/plugins/github.jpi
 /usr/share/jenkins/ref/plugins/github.jpi -> plugins/github.jpi
/usr/share/jenkins/ref/plugins/github-oauth.jpi
 /usr/share/jenkins/ref/plugins/github-oauth.jpi -> plugins/github-oauth.jpi
/usr/share/jenkins/ref/init.groovy.d/tcp-slave-agent-port.groovy
 /usr/share/jenkins/ref/init.groovy.d/tcp-slave-agent-port.groovy -> init.groovy.d/tcp-slave-agent-port.groovy
--- Copying files at Thu Feb 25 14:32:12 UTC 2016
/usr/share/jenkins/ref/plugins/git-client.jpi
 /usr/share/jenkins/ref/plugins/git-client.jpi -> plugins/git-client.jpi
/usr/share/jenkins/ref/plugins/git.jpi
 /usr/share/jenkins/ref/plugins/git.jpi -> plugins/git.jpi
/usr/share/jenkins/ref/plugins/scm-api.jpi
 /usr/share/jenkins/ref/plugins/scm-api.jpi -> plugins/scm-api.jpi
/usr/share/jenkins/ref/plugins/github-api.jpi
 /usr/share/jenkins/ref/plugins/github-api.jpi -> plugins/github-api.jpi
/usr/share/jenkins/ref/plugins/github.jpi
 /usr/share/jenkins/ref/plugins/github.jpi -> plugins/github.jpi
/usr/share/jenkins/ref/plugins/github-oauth.jpi
 /usr/share/jenkins/ref/plugins/github-oauth.jpi -> plugins/github-oauth.jpi
/usr/share/jenkins/ref/init.groovy.d/tcp-slave-agent-port.groovy
 /usr/share/jenkins/ref/init.groovy.d/tcp-slave-agent-port.groovy -> init.groovy.d/tcp-slave-agent-port.groovy
--- Copying files at Thu Feb 25 14:38:52 UTC 2016
/usr/share/jenkins/ref/plugins/git-client.jpi
 /usr/share/jenkins/ref/plugins/git-client.jpi -> plugins/git-client.jpi
/usr/share/jenkins/ref/plugins/git.jpi
 /usr/share/jenkins/ref/plugins/git.jpi -> plugins/git.jpi
/usr/share/jenkins/ref/plugins/scm-api.jpi
 /usr/share/jenkins/ref/plugins/scm-api.jpi -> plugins/scm-api.jpi
/usr/share/jenkins/ref/plugins/github-api.jpi
 /usr/share/jenkins/ref/plugins/github-api.jpi -> plugins/github-api.jpi
/usr/share/jenkins/ref/plugins/github.jpi
 /usr/share/jenkins/ref/plugins/github.jpi -> plugins/github.jpi
/usr/share/jenkins/ref/plugins/github-oauth.jpi
 /usr/share/jenkins/ref/plugins/github-oauth.jpi -> plugins/github-oauth.jpi
/usr/share/jenkins/ref/init.groovy.d/tcp-slave-agent-port.groovy
 /usr/share/jenkins/ref/init.groovy.d/tcp-slave-agent-port.groovy -> init.groovy.d/tcp-slave-agent-port.groovy
--- Copying files at Thu Feb 25 14:39:55 UTC 2016
/usr/share/jenkins/ref/plugins/git-client.jpi
 /usr/share/jenkins/ref/plugins/git-client.jpi -> plugins/git-client.jpi
/usr/share/jenkins/ref/plugins/git.jpi
 /usr/share/jenkins/ref/plugins/git.jpi -> plugins/git.jpi
/usr/share/jenkins/ref/plugins/scm-api.jpi
 /usr/share/jenkins/ref/plugins/scm-api.jpi -> plugins/scm-api.jpi
/usr/share/jenkins/ref/plugins/github-api.jpi
 /usr/share/jenkins/ref/plugins/github-api.jpi -> plugins/github-api.jpi
/usr/share/jenkins/ref/plugins/github.jpi
 /usr/share/jenkins/ref/plugins/github.jpi -> plugins/github.jpi
/usr/share/jenkins/ref/plugins/github-oauth.jpi
 /usr/share/jenkins/ref/plugins/github-oauth.jpi -> plugins/github-oauth.jpi
/usr/share/jenkins/ref/init.groovy.d/tcp-slave-agent-port.groovy
 /usr/share/jenkins/ref/init.groovy.d/tcp-slave-agent-port.groovy -> init.groovy.d/tcp-slave-agent-port.groovy
--- Copying files at Thu Feb 25 14:45:21 UTC 2016
/usr/share/jenkins/ref/plugins/git-client.jpi
 /usr/share/jenkins/ref/plugins/git-client.jpi -> plugins/git-client.jpi
/usr/share/jenkins/ref/plugins/git.jpi
 /usr/share/jenkins/ref/plugins/git.jpi -> plugins/git.jpi
/usr/share/jenkins/ref/plugins/scm-api.jpi
 /usr/share/jenkins/ref/plugins/scm-api.jpi -> plugins/scm-api.jpi
/usr/share/jenkins/ref/plugins/github-api.jpi
 /usr/share/jenkins/ref/plugins/github-api.jpi -> plugins/github-api.jpi
/usr/share/jenkins/ref/plugins/github.jpi
 /usr/share/jenkins/ref/plugins/github.jpi -> plugins/github.jpi
/usr/share/jenkins/ref/plugins/github-oauth.jpi
 /usr/share/jenkins/ref/plugins/github-oauth.jpi -> plugins/github-oauth.jpi
/usr/share/jenkins/ref/init.groovy.d/tcp-slave-agent-port.groovy
 /usr/share/jenkins/ref/init.groovy.d/tcp-slave-agent-port.groovy -> init.groovy.d/tcp-slave-agent-port.groovy
--- Copying files at Thu Feb 25 14:48:35 UTC 2016
/usr/share/jenkins/ref/plugins/git-client.jpi
 /usr/share/jenkins/ref/plugins/git-client.jpi -> plugins/git-client.jpi
/usr/share/jenkins/ref/plugins/git.jpi
 /usr/share/jenkins/ref/plugins/git.jpi -> plugins/git.jpi
/usr/share/jenkins/ref/plugins/scm-api.jpi
 /usr/share/jenkins/ref/plugins/scm-api.jpi -> plugins/scm-api.jpi
/usr/share/jenkins/ref/plugins/github-api.jpi
 /usr/share/jenkins/ref/plugins/github-api.jpi -> plugins/github-api.jpi
/usr/share/jenkins/ref/plugins/github.jpi
 /usr/share/jenkins/ref/plugins/github.jpi -> plugins/github.jpi
/usr/share/jenkins/ref/plugins/github-oauth.jpi
 /usr/share/jenkins/ref/plugins/github-oauth.jpi -> plugins/github-oauth.jpi
/usr/share/jenkins/ref/init.groovy.d/tcp-slave-agent-port.groovy
 /usr/share/jenkins/ref/init.groovy.d/tcp-slave-agent-port.groovy -> init.groovy.d/tcp-slave-agent-port.groovy
--- Copying files at Thu Feb 25 15:00:58 UTC 2016
/usr/share/jenkins/ref/plugins/git-client.jpi
 /usr/share/jenkins/ref/plugins/git-client.jpi -> plugins/git-client.jpi
/usr/share/jenkins/ref/plugins/git.jpi
 /usr/share/jenkins/ref/plugins/git.jpi -> plugins/git.jpi
/usr/share/jenkins/ref/plugins/scm-api.jpi
 /usr/share/jenkins/ref/plugins/scm-api.jpi -> plugins/scm-api.jpi
/usr/share/jenkins/ref/plugins/github-api.jpi
 /usr/share/jenkins/ref/plugins/github-api.jpi -> plugins/github-api.jpi
/usr/share/jenkins/ref/plugins/github.jpi
 /usr/share/jenkins/ref/plugins/github.jpi -> plugins/github.jpi
/usr/share/jenkins/ref/plugins/github-oauth.jpi
 /usr/share/jenkins/ref/plugins/github-oauth.jpi -> plugins/github-oauth.jpi
/usr/share/jenkins/ref/init.groovy.d/tcp-slave-agent-port.groovy
 /usr/share/jenkins/ref/init.groovy.d/tcp-slave-agent-port.groovy -> init.groovy.d/tcp-slave-agent-port.groovy
--- Copying files at Thu Feb 25 15:15:31 UTC 2016
/usr/share/jenkins/ref/plugins/git-client.jpi
 /usr/share/jenkins/ref/plugins/git-client.jpi -> plugins/git-client.jpi
/usr/share/jenkins/ref/plugins/git.jpi
 /usr/share/jenkins/ref/plugins/git.jpi -> plugins/git.jpi
/usr/share/jenkins/ref/plugins/scm-api.jpi
 /usr/share/jenkins/ref/plugins/scm-api.jpi -> plugins/scm-api.jpi
/usr/share/jenkins/ref/plugins/github-api.jpi
 /usr/share/jenkins/ref/plugins/github-api.jpi -> plugins/github-api.jpi
/usr/share/jenkins/ref/plugins/github.jpi
 /usr/share/jenkins/ref/plugins/github.jpi -> plugins/github.jpi
/usr/share/jenkins/ref/plugins/github-oauth.jpi
 /usr/share/jenkins/ref/plugins/github-oauth.jpi -> plugins/github-oauth.jpi
/usr/share/jenkins/ref/init.groovy.d/tcp-slave-agent-port.groovy
 /usr/share/jenkins/ref/init.groovy.d/tcp-slave-agent-port.groovy -> init.groovy.d/tcp-slave-agent-port.groovy
--- Copying files at Thu Feb 25 15:32:13 UTC 2016
/usr/share/jenkins/ref/plugins/git-client.jpi
 /usr/share/jenkins/ref/plugins/git-client.jpi -> plugins/git-client.jpi
/usr/share/jenkins/ref/plugins/git.jpi
 /usr/share/jenkins/ref/plugins/git.jpi -> plugins/git.jpi
/usr/share/jenkins/ref/plugins/scm-api.jpi
 /usr/share/jenkins/ref/plugins/scm-api.jpi -> plugins/scm-api.jpi
/usr/share/jenkins/ref/plugins/github-api.jpi
 /usr/share/jenkins/ref/plugins/github-api.jpi -> plugins/github-api.jpi
/usr/share/jenkins/ref/plugins/github.jpi
 /usr/share/jenkins/ref/plugins/github.jpi -> plugins/github.jpi
/usr/share/jenkins/ref/plugins/github-oauth.jpi
 /usr/share/jenkins/ref/plugins/github-oauth.jpi -> plugins/github-oauth.jpi
/usr/share/jenkins/ref/init.groovy.d/tcp-slave-agent-port.groovy
 /usr/share/jenkins/ref/init.groovy.d/tcp-slave-agent-port.groovy -> init.groovy.d/tcp-slave-agent-port.groovy
--- Copying files at Thu Feb 25 15:52:51 UTC 2016
/usr/share/jenkins/ref/plugins/git-client.jpi
 /usr/share/jenkins/ref/plugins/git-client.jpi -> plugins/git-client.jpi
/usr/share/jenkins/ref/plugins/git.jpi
 /usr/share/jenkins/ref/plugins/git.jpi -> plugins/git.jpi
/usr/share/jenkins/ref/plugins/scm-api.jpi
 /usr/share/jenkins/ref/plugins/scm-api.jpi -> plugins/scm-api.jpi
/usr/share/jenkins/ref/plugins/github-api.jpi
 /usr/share/jenkins/ref/plugins/github-api.jpi -> plugins/github-api.jpi
/usr/share/jenkins/ref/plugins/github.jpi
 /usr/share/jenkins/ref/plugins/github.jpi -> plugins/github.jpi
/usr/share/jenkins/ref/plugins/github-oauth.jpi
 /usr/share/jenkins/ref/plugins/github-oauth.jpi -> plugins/github-oauth.jpi
/usr/share/jenkins/ref/init.groovy.d/tcp-slave-agent-port.groovy
 /usr/share/jenkins/ref/init.groovy.d/tcp-slave-agent-port.groovy -> init.groovy.d/tcp-slave-agent-port.groovy
--- Copying files at Thu Feb 25 16:41:55 UTC 2016
/usr/share/jenkins/ref/plugins/git-client.jpi
 /usr/share/jenkins/ref/plugins/git-client.jpi -> plugins/git-client.jpi
/usr/share/jenkins/ref/plugins/git.jpi
 /usr/share/jenkins/ref/plugins/git.jpi -> plugins/git.jpi
/usr/share/jenkins/ref/plugins/scm-api.jpi
 /usr/share/jenkins/ref/plugins/scm-api.jpi -> plugins/scm-api.jpi
/usr/share/jenkins/ref/plugins/github-api.jpi
 /usr/share/jenkins/ref/plugins/github-api.jpi -> plugins/github-api.jpi
/usr/share/jenkins/ref/plugins/github.jpi
 /usr/share/jenkins/ref/plugins/github.jpi -> plugins/github.jpi
/usr/share/jenkins/ref/plugins/github-oauth.jpi
 /usr/share/jenkins/ref/plugins/github-oauth.jpi -> plugins/github-oauth.jpi
/usr/share/jenkins/ref/init.groovy.d/tcp-slave-agent-port.groovy
 /usr/share/jenkins/ref/init.groovy.d/tcp-slave-agent-port.groovy -> init.groovy.d/tcp-slave-agent-port.groovy
--- Copying files at Thu Feb 25 16:47:11 UTC 2016
/usr/share/jenkins/ref/plugins/xunit.jpi
 /usr/share/jenkins/ref/plugins/xunit.jpi -> plugins/xunit.jpi
copy plugins/xunit.jpi to JENKINS_HOME
/usr/share/jenkins/ref/plugins/git-client.jpi
 /usr/share/jenkins/ref/plugins/git-client.jpi -> plugins/git-client.jpi
/usr/share/jenkins/ref/plugins/git.jpi
 /usr/share/jenkins/ref/plugins/git.jpi -> plugins/git.jpi
/usr/share/jenkins/ref/plugins/scm-api.jpi
 /usr/share/jenkins/ref/plugins/scm-api.jpi -> plugins/scm-api.jpi
/usr/share/jenkins/ref/plugins/github-api.jpi
 /usr/share/jenkins/ref/plugins/github-api.jpi -> plugins/github-api.jpi
/usr/share/jenkins/ref/plugins/github.jpi
 /usr/share/jenkins/ref/plugins/github.jpi -> plugins/github.jpi
/usr/share/jenkins/ref/plugins/github-oauth.jpi
 /usr/share/jenkins/ref/plugins/github-oauth.jpi -> plugins/github-oauth.jpi
/usr/share/jenkins/ref/init.groovy.d/tcp-slave-agent-port.groovy
 /usr/share/jenkins/ref/init.groovy.d/tcp-slave-agent-port.groovy -> init.groovy.d/tcp-slave-agent-port.groovy
--- Copying files at Fri Feb 26 08:57:12 UTC 2016
/usr/share/jenkins/ref/plugins/xunit.jpi
 /usr/share/jenkins/ref/plugins/xunit.jpi -> plugins/xunit.jpi
/usr/share/jenkins/ref/plugins/git-client.jpi
 /usr/share/jenkins/ref/plugins/git-client.jpi -> plugins/git-client.jpi
/usr/share/jenkins/ref/plugins/git.jpi
 /usr/share/jenkins/ref/plugins/git.jpi -> plugins/git.jpi
/usr/share/jenkins/ref/plugins/scm-api.jpi
 /usr/share/jenkins/ref/plugins/scm-api.jpi -> plugins/scm-api.jpi
/usr/share/jenkins/ref/plugins/github-api.jpi
 /usr/share/jenkins/ref/plugins/github-api.jpi -> plugins/github-api.jpi
/usr/share/jenkins/ref/plugins/github.jpi
 /usr/share/jenkins/ref/plugins/github.jpi -> plugins/github.jpi
/usr/share/jenkins/ref/plugins/github-oauth.jpi
 /usr/share/jenkins/ref/plugins/github-oauth.jpi -> plugins/github-oauth.jpi
/usr/share/jenkins/ref/init.groovy.d/tcp-slave-agent-port.groovy
 /usr/share/jenkins/ref/init.groovy.d/tcp-slave-agent-port.groovy -> init.groovy.d/tcp-slave-agent-port.groovy
